Using pre-set license
Built from '2020.2/staging' branch; Version is '2020.2.6f1 (8a2143876886) revision 9052483'; Using compiler version '192528614'; Build Type 'Release'
OS: 'Windows 10 Enterprise; OS build 19041.985; Version 2004; 64bit' Language: 'ko' Physical Memory: 32694 MB
BatchMode: 1, IsHumanControllingUs: 0, StartBugReporterOnCrash: 0, Is64bit: 1, IsPro: 0

 COMMAND LINE ARGUMENTS:
C:\Program Files\Unity\Editor\Unity.exe
-adb2
-batchMode
-noUpm
-name
AssetImportWorker0
-projectPath
D:/study/Unity/FinalProject_20191025
-logFile
Logs/AssetImportWorker0.log
-srvPort
64721
Successfully changed project path to: D:/study/Unity/FinalProject_20191025
D:/study/Unity/FinalProject_20191025
Using Asset Import Pipeline V2.
Refreshing native plugins compatible for Editor in 25.27 ms, found 0 plugins.
Preloading 0 native plugins for Editor in 0.00 ms.
Initialize engine version: 2020.2.6f1 (8a2143876886)
[Subsystems] Discovering subsystems at path C:/Program Files/Unity/Editor/Data/Resources/UnitySubsystems
[Subsystems] Discovering subsystems at path D:/study/Unity/FinalProject_20191025/Assets
GfxDevice: creating device client; threaded=0
Direct3D:
    Version:  Direct3D 11.0 [level 11.1]
    Renderer: NVIDIA GeForce RTX 3070 (ID=0x2484)
    Vendor:   
    VRAM:     8043 MB
    Driver:   27.21.14.6589
Initialize mono
Mono path[0] = 'C:/Program Files/Unity/Editor/Data/Managed'
Mono path[1] = 'C:/Program Files/Unity/Editor/Data/MonoBleedingEdge/lib/mono/unityjit'
Mono config path = 'C:/Program Files/Unity/Editor/Data/MonoBleedingEdge/etc'
Using monoOptions --debugger-agent=transport=dt_socket,embedding=1,server=y,suspend=n,address=127.0.0.1:56844
Begin MonoManager ReloadAssembly
Registering precompiled unity dll's ...
Register platform support module: C:/Program Files/Unity/Editor/Data/PlaybackEngines/WindowsStandaloneSupport/UnityEditor.WindowsStandalone.Extensions.dll
Registered in 0.002160 seconds.
Native extension for WindowsStandalone target not found
Refreshing native plugins compatible for Editor in 27.07 ms, found 0 plugins.
Preloading 0 native plugins for Editor in 0.00 ms.
Invoked RoslynAnalysisRunner static constructor.
RoslynAnalysisRunner will not be running.
RoslynAnalysisRunner has terminated.
Mono: successfully reloaded assembly
- Completed reload, in  0.823 seconds
Platform modules already initialized, skipping
Registering precompiled user dll's ...
Registered in 0.000564 seconds.
Begin MonoManager ReloadAssembly
Native extension for WindowsStandalone target not found
Refreshing native plugins compatible for Editor in 0.38 ms, found 0 plugins.
Preloading 0 native plugins for Editor in 0.00 ms.
Invoked RoslynAnalysisRunner static constructor.
RoslynAnalysisRunner will not be running.
RoslynAnalysisRunner has terminated.
Mono: successfully reloaded assembly
- Completed reload, in  0.594 seconds
Platform modules already initialized, skipping
========================================================================
Worker process is ready to serve import requests
Launched and connected shader compiler UnityShaderCompiler.exe after 0.04 seconds
Refreshing native plugins compatible for Editor in 0.50 ms, found 0 plugins.
Preloading 0 native plugins for Editor in 0.00 ms.
Unloading 1237 Unused Serialized files (Serialized files now loaded: 0)
System memory in use before: 87.1 MB.
System memory in use after: 86.8 MB.

Unloading 12 unused Assets to reduce memory usage. Loaded Objects now: 1706.
Total: 1.994100 ms (FindLiveObjects: 0.391100 ms CreateObjectMapping: 0.066800 ms MarkObjects: 1.270900 ms  DeleteObjects: 0.264400 ms)

========================================================================
Received Import Request.
  path: Assets/Scripts/MyAssetsController.cs
  artifactKey: Guid(e44693eaaddabeb4d885250226904fdd) Importer(815301076,1909f56bfc062723c751e8b465ee728b)
Start importing Assets/Scripts/MyAssetsController.cs using Guid(e44693eaaddabeb4d885250226904fdd) Importer(815301076,1909f56bfc062723c751e8b465ee728b)  -> (artifact id: '110ca6c018377545eb1dc1d3b1ec50ec') in 0.023510 seconds
  Import took 0.025324 seconds .

========================================================================
Received Import Request.
  Time since last request: 7.932815 seconds.
  path: Assets/Scripts/MyAssetsController.cs
  artifactKey: Guid(e44693eaaddabeb4d885250226904fdd) Importer(815301076,1909f56bfc062723c751e8b465ee728b)
Start importing Assets/Scripts/MyAssetsController.cs using Guid(e44693eaaddabeb4d885250226904fdd) Importer(815301076,1909f56bfc062723c751e8b465ee728b)  -> (artifact id: 'b873f9fef07a595b38e40b1b53eae7b3') in 0.002018 seconds
  Import took 0.003739 seconds .

========================================================================
Received Import Request.
  Time since last request: 18.745625 seconds.
  path: Assets/Scripts/MyAssetsController.cs
  artifactKey: Guid(e44693eaaddabeb4d885250226904fdd) Importer(815301076,1909f56bfc062723c751e8b465ee728b)
Start importing Assets/Scripts/MyAssetsController.cs using Guid(e44693eaaddabeb4d885250226904fdd) Importer(815301076,1909f56bfc062723c751e8b465ee728b)  -> (artifact id: '2e40c3f9a1259ff5c0e6c0cd3e1b4c27') in 0.002482 seconds
  Import took 0.004415 seconds .

========================================================================
Received Import Request.
  Time since last request: 5.706070 seconds.
  path: Assets/Scripts/MyAssetsController.cs
  artifactKey: Guid(e44693eaaddabeb4d885250226904fdd) Importer(815301076,1909f56bfc062723c751e8b465ee728b)
Start importing Assets/Scripts/MyAssetsController.cs using Guid(e44693eaaddabeb4d885250226904fdd) Importer(815301076,1909f56bfc062723c751e8b465ee728b)  -> (artifact id: '81ea15adbc0428f4de1c48351e1ffac1') in 0.002075 seconds
  Import took 0.003884 seconds .

========================================================================
Received Import Request.
  Time since last request: 7.053090 seconds.
  path: Assets/Scripts/MyAssetsController.cs
  artifactKey: Guid(e44693eaaddabeb4d885250226904fdd) Importer(815301076,1909f56bfc062723c751e8b465ee728b)
Start importing Assets/Scripts/MyAssetsController.cs using Guid(e44693eaaddabeb4d885250226904fdd) Importer(815301076,1909f56bfc062723c751e8b465ee728b)  -> (artifact id: '09d6458d582e952801d3679523798c2f') in 0.002172 seconds
  Import took 0.003904 seconds .

========================================================================
Received Import Request.
  Time since last request: 3.619821 seconds.
  path: Assets/Scripts/MyAssetsController.cs
  artifactKey: Guid(e44693eaaddabeb4d885250226904fdd) Importer(815301076,1909f56bfc062723c751e8b465ee728b)
Start importing Assets/Scripts/MyAssetsController.cs using Guid(e44693eaaddabeb4d885250226904fdd) Importer(815301076,1909f56bfc062723c751e8b465ee728b)  -> (artifact id: '6870de8ae4eb8cbfeee13e45cee577a4') in 0.002305 seconds
  Import took 0.004012 seconds .

========================================================================
Received Prepare
Registering precompiled user dll's ...
Registered in 0.000639 seconds.
Begin MonoManager ReloadAssembly
Native extension for WindowsStandalone target not found
Refreshing native plugins compatible for Editor in 0.43 ms, found 0 plugins.
Preloading 0 native plugins for Editor in 0.00 ms.
Invoked RoslynAnalysisRunner static constructor.
RoslynAnalysisRunner will not be running.
RoslynAnalysisRunner has terminated.
Mono: successfully reloaded assembly
- Completed reload, in  0.565 seconds
Platform modules already initialized, skipping
Refreshing native plugins compatible for Editor in 0.47 ms, found 0 plugins.
Preloading 0 native plugins for Editor in 0.00 ms.
Unloading 1213 Unused Serialized files (Serialized files now loaded: 0)
System memory in use before: 85.5 MB.
System memory in use after: 85.2 MB.

Unloading 7 unused Assets to reduce memory usage. Loaded Objects now: 1708.
Total: 1.815800 ms (FindLiveObjects: 0.138900 ms CreateObjectMapping: 0.027900 ms MarkObjects: 1.379600 ms  DeleteObjects: 0.268600 ms)

========================================================================
Received Prepare
Registering precompiled user dll's ...
Registered in 0.000658 seconds.
Begin MonoManager ReloadAssembly
Native extension for WindowsStandalone target not found
Refreshing native plugins compatible for Editor in 0.38 ms, found 0 plugins.
Preloading 0 native plugins for Editor in 0.00 ms.
Invoked RoslynAnalysisRunner static constructor.
RoslynAnalysisRunner will not be running.
RoslynAnalysisRunner has terminated.
Mono: successfully reloaded assembly
- Completed reload, in  0.520 seconds
Platform modules already initialized, skipping
Refreshing native plugins compatible for Editor in 0.37 ms, found 0 plugins.
Preloading 0 native plugins for Editor in 0.00 ms.
Unloading 1213 Unused Serialized files (Serialized files now loaded: 0)
System memory in use before: 85.5 MB.
System memory in use after: 85.2 MB.

Unloading 7 unused Assets to reduce memory usage. Loaded Objects now: 1710.
Total: 1.616700 ms (FindLiveObjects: 0.122200 ms CreateObjectMapping: 0.029600 ms MarkObjects: 1.185000 ms  DeleteObjects: 0.279200 ms)

========================================================================
Received Prepare
Registering precompiled user dll's ...
Registered in 0.000572 seconds.
Begin MonoManager ReloadAssembly
Native extension for WindowsStandalone target not found
Refreshing native plugins compatible for Editor in 0.38 ms, found 0 plugins.
Preloading 0 native plugins for Editor in 0.00 ms.
Invoked RoslynAnalysisRunner static constructor.
RoslynAnalysisRunner will not be running.
RoslynAnalysisRunner has terminated.
Mono: successfully reloaded assembly
- Completed reload, in  0.536 seconds
Platform modules already initialized, skipping
Refreshing native plugins compatible for Editor in 0.38 ms, found 0 plugins.
Preloading 0 native plugins for Editor in 0.00 ms.
Unloading 1213 Unused Serialized files (Serialized files now loaded: 0)
System memory in use before: 85.5 MB.
System memory in use after: 85.3 MB.

Unloading 7 unused Assets to reduce memory usage. Loaded Objects now: 1712.
Total: 1.584000 ms (FindLiveObjects: 0.116800 ms CreateObjectMapping: 0.027000 ms MarkObjects: 1.147300 ms  DeleteObjects: 0.291900 ms)

========================================================================
Received Import Request.
  Time since last request: 630.611571 seconds.
  path: Assets/Scripts/MyAssetsGetFullBtn.cs
  artifactKey: Guid(21b28eea8a32f2f4aaf66a60acc8655b) Importer(815301076,1909f56bfc062723c751e8b465ee728b)
Start importing Assets/Scripts/MyAssetsGetFullBtn.cs using Guid(21b28eea8a32f2f4aaf66a60acc8655b) Importer(815301076,1909f56bfc062723c751e8b465ee728b)  -> (artifact id: '0fab33d9171cb246b03cb7e384ea1522') in 0.004375 seconds
  Import took 0.006340 seconds .

========================================================================
Received Prepare
Registering precompiled user dll's ...
Registered in 0.000503 seconds.
Begin MonoManager ReloadAssembly
Native extension for WindowsStandalone target not found
Refreshing native plugins compatible for Editor in 0.38 ms, found 0 plugins.
Preloading 0 native plugins for Editor in 0.00 ms.
Invoked RoslynAnalysisRunner static constructor.
RoslynAnalysisRunner will not be running.
RoslynAnalysisRunner has terminated.
Mono: successfully reloaded assembly
- Completed reload, in  0.523 seconds
Platform modules already initialized, skipping
Refreshing native plugins compatible for Editor in 0.37 ms, found 0 plugins.
Preloading 0 native plugins for Editor in 0.00 ms.
Unloading 1214 Unused Serialized files (Serialized files now loaded: 0)
System memory in use before: 85.7 MB.
System memory in use after: 85.4 MB.

Unloading 7 unused Assets to reduce memory usage. Loaded Objects now: 1715.
Total: 1.678600 ms (FindLiveObjects: 0.120400 ms CreateObjectMapping: 0.027300 ms MarkObjects: 1.229700 ms  DeleteObjects: 0.300400 ms)

========================================================================
Received Import Request.
  Time since last request: 9.776013 seconds.
  path: Assets/Scripts/MyAssetsGetFoldBtn.cs
  artifactKey: Guid(767bd6ec8a6579f429280342a4b5f387) Importer(815301076,1909f56bfc062723c751e8b465ee728b)
Start importing Assets/Scripts/MyAssetsGetFoldBtn.cs using Guid(767bd6ec8a6579f429280342a4b5f387) Importer(815301076,1909f56bfc062723c751e8b465ee728b)  -> (artifact id: 'a8a5a6e17b4314eecfd5e851a8916f49') in 0.004540 seconds
  Import took 0.006497 seconds .

========================================================================
Received Prepare
Registering precompiled user dll's ...
Registered in 0.000522 seconds.
Begin MonoManager ReloadAssembly
Native extension for WindowsStandalone target not found
Refreshing native plugins compatible for Editor in 0.39 ms, found 0 plugins.
Preloading 0 native plugins for Editor in 0.00 ms.
Invoked RoslynAnalysisRunner static constructor.
RoslynAnalysisRunner will not be running.
RoslynAnalysisRunner has terminated.
Mono: successfully reloaded assembly
- Completed reload, in  0.541 seconds
Platform modules already initialized, skipping
Refreshing native plugins compatible for Editor in 0.37 ms, found 0 plugins.
Preloading 0 native plugins for Editor in 0.00 ms.
Unloading 1215 Unused Serialized files (Serialized files now loaded: 0)
System memory in use before: 85.7 MB.
System memory in use after: 85.4 MB.

Unloading 7 unused Assets to reduce memory usage. Loaded Objects now: 1718.
Total: 1.704200 ms (FindLiveObjects: 0.130100 ms CreateObjectMapping: 0.028400 ms MarkObjects: 1.239700 ms  DeleteObjects: 0.304700 ms)

========================================================================
Received Import Request.
  Time since last request: 60.419233 seconds.
  path: Assets/Scripts/CoinBuyBtn.cs
  artifactKey: Guid(71020457624d5324ebf68182c200956c) Importer(815301076,1909f56bfc062723c751e8b465ee728b)
Start importing Assets/Scripts/CoinBuyBtn.cs using Guid(71020457624d5324ebf68182c200956c) Importer(815301076,1909f56bfc062723c751e8b465ee728b)  -> (artifact id: '82e62b7fd473187056451d813e766d65') in 0.003999 seconds
  Import took 0.005819 seconds .

========================================================================
Received Prepare
Registering precompiled user dll's ...
Registered in 0.000559 seconds.
Begin MonoManager ReloadAssembly
Native extension for WindowsStandalone target not found
Refreshing native plugins compatible for Editor in 0.40 ms, found 0 plugins.
Preloading 0 native plugins for Editor in 0.00 ms.
Invoked RoslynAnalysisRunner static constructor.
RoslynAnalysisRunner will not be running.
RoslynAnalysisRunner has terminated.
Mono: successfully reloaded assembly
- Completed reload, in  0.522 seconds
Platform modules already initialized, skipping
Refreshing native plugins compatible for Editor in 0.39 ms, found 0 plugins.
Preloading 0 native plugins for Editor in 0.00 ms.
Unloading 1215 Unused Serialized files (Serialized files now loaded: 0)
System memory in use before: 85.7 MB.
System memory in use after: 85.4 MB.

Unloading 7 unused Assets to reduce memory usage. Loaded Objects now: 1720.
Total: 1.658900 ms (FindLiveObjects: 0.117900 ms CreateObjectMapping: 0.027100 ms MarkObjects: 1.216600 ms  DeleteObjects: 0.296600 ms)

========================================================================
Received Import Request.
  Time since last request: 21.622805 seconds.
  path: Assets/Scripts/MyAssetsGetFoldBtn.cs
  artifactKey: Guid(767bd6ec8a6579f429280342a4b5f387) Importer(815301076,1909f56bfc062723c751e8b465ee728b)
Start importing Assets/Scripts/MyAssetsGetFoldBtn.cs using Guid(767bd6ec8a6579f429280342a4b5f387) Importer(815301076,1909f56bfc062723c751e8b465ee728b)  -> (artifact id: '5424a800949907e4bf552140385a1e3b') in 0.003446 seconds
  Import took 0.005040 seconds .

========================================================================
Received Import Request.
  Time since last request: 1.361893 seconds.
  path: Assets/Scripts/MyAssetsController.cs
  artifactKey: Guid(e44693eaaddabeb4d885250226904fdd) Importer(815301076,1909f56bfc062723c751e8b465ee728b)
Start importing Assets/Scripts/MyAssetsController.cs using Guid(e44693eaaddabeb4d885250226904fdd) Importer(815301076,1909f56bfc062723c751e8b465ee728b)  -> (artifact id: '69f3a74e38bec8416ef6b67d521054cf') in 0.002156 seconds
  Import took 0.004012 seconds .

========================================================================
Received Import Request.
  Time since last request: 0.015595 seconds.
  path: Assets/Scripts/MyAssetsController.cs
  artifactKey: Guid(e44693eaaddabeb4d885250226904fdd) Importer(815301076,1909f56bfc062723c751e8b465ee728b)
Start importing Assets/Scripts/MyAssetsController.cs using Guid(e44693eaaddabeb4d885250226904fdd) Importer(815301076,1909f56bfc062723c751e8b465ee728b)  -> (artifact id: '69f3a74e38bec8416ef6b67d521054cf') in 0.002082 seconds
  Import took 0.003899 seconds .

========================================================================
Received Prepare
Registering precompiled user dll's ...
Registered in 0.000468 seconds.
Begin MonoManager ReloadAssembly
Native extension for WindowsStandalone target not found
Refreshing native plugins compatible for Editor in 0.37 ms, found 0 plugins.
Preloading 0 native plugins for Editor in 0.00 ms.
Invoked RoslynAnalysisRunner static constructor.
RoslynAnalysisRunner will not be running.
RoslynAnalysisRunner has terminated.
Mono: successfully reloaded assembly
- Completed reload, in  0.515 seconds
Platform modules already initialized, skipping
Refreshing native plugins compatible for Editor in 0.37 ms, found 0 plugins.
Preloading 0 native plugins for Editor in 0.00 ms.
Unloading 1215 Unused Serialized files (Serialized files now loaded: 0)
System memory in use before: 85.7 MB.
System memory in use after: 85.4 MB.

Unloading 7 unused Assets to reduce memory usage. Loaded Objects now: 1722.
Total: 1.822700 ms (FindLiveObjects: 0.140700 ms CreateObjectMapping: 0.028100 ms MarkObjects: 1.348300 ms  DeleteObjects: 0.304800 ms)

========================================================================
Received Prepare
Registering precompiled user dll's ...
Registered in 0.000724 seconds.
Begin MonoManager ReloadAssembly
Native extension for WindowsStandalone target not found
Refreshing native plugins compatible for Editor in 0.38 ms, found 0 plugins.
Preloading 0 native plugins for Editor in 0.00 ms.
Invoked RoslynAnalysisRunner static constructor.
RoslynAnalysisRunner will not be running.
RoslynAnalysisRunner has terminated.
Mono: successfully reloaded assembly
- Completed reload, in  0.506 seconds
Platform modules already initialized, skipping
Refreshing native plugins compatible for Editor in 0.39 ms, found 0 plugins.
Preloading 0 native plugins for Editor in 0.00 ms.
Unloading 1215 Unused Serialized files (Serialized files now loaded: 0)
System memory in use before: 85.7 MB.
System memory in use after: 85.4 MB.

Unloading 7 unused Assets to reduce memory usage. Loaded Objects now: 1724.
Total: 1.621500 ms (FindLiveObjects: 0.136800 ms CreateObjectMapping: 0.031200 ms MarkObjects: 1.153600 ms  DeleteObjects: 0.299000 ms)

========================================================================
Received Import Request.
  Time since last request: 45.287165 seconds.
  path: Assets/Scripts/GameDirector.cs
  artifactKey: Guid(882ec8d521463c3488e072b6672afd68) Importer(815301076,1909f56bfc062723c751e8b465ee728b)
Start importing Assets/Scripts/GameDirector.cs using Guid(882ec8d521463c3488e072b6672afd68) Importer(815301076,1909f56bfc062723c751e8b465ee728b)  -> (artifact id: 'ec2ba4197ad8fdf352d601a29f8e2445') in 0.004200 seconds
  Import took 0.006145 seconds .

========================================================================
Received Prepare
Registering precompiled user dll's ...
Registered in 0.000684 seconds.
Begin MonoManager ReloadAssembly
Native extension for WindowsStandalone target not found
Refreshing native plugins compatible for Editor in 0.37 ms, found 0 plugins.
Preloading 0 native plugins for Editor in 0.00 ms.
Invoked RoslynAnalysisRunner static constructor.
RoslynAnalysisRunner will not be running.
RoslynAnalysisRunner has terminated.
Mono: successfully reloaded assembly
- Completed reload, in  0.504 seconds
Platform modules already initialized, skipping
Refreshing native plugins compatible for Editor in 0.39 ms, found 0 plugins.
Preloading 0 native plugins for Editor in 0.00 ms.
Unloading 1215 Unused Serialized files (Serialized files now loaded: 0)
System memory in use before: 85.7 MB.
System memory in use after: 85.4 MB.

Unloading 7 unused Assets to reduce memory usage. Loaded Objects now: 1726.
Total: 1.777500 ms (FindLiveObjects: 0.127500 ms CreateObjectMapping: 0.031800 ms MarkObjects: 1.310700 ms  DeleteObjects: 0.306700 ms)

========================================================================
Received Prepare
Registering precompiled user dll's ...
Registered in 0.000619 seconds.
Begin MonoManager ReloadAssembly
Native extension for WindowsStandalone target not found
Refreshing native plugins compatible for Editor in 0.37 ms, found 0 plugins.
Preloading 0 native plugins for Editor in 0.00 ms.
Invoked RoslynAnalysisRunner static constructor.
RoslynAnalysisRunner will not be running.
RoslynAnalysisRunner has terminated.
Mono: successfully reloaded assembly
- Completed reload, in  0.503 seconds
Platform modules already initialized, skipping
Refreshing native plugins compatible for Editor in 0.37 ms, found 0 plugins.
Preloading 0 native plugins for Editor in 0.00 ms.
Unloading 1215 Unused Serialized files (Serialized files now loaded: 0)
System memory in use before: 85.7 MB.
System memory in use after: 85.4 MB.

Unloading 7 unused Assets to reduce memory usage. Loaded Objects now: 1728.
Total: 2.001000 ms (FindLiveObjects: 0.210500 ms CreateObjectMapping: 0.038100 ms MarkObjects: 1.401100 ms  DeleteObjects: 0.350400 ms)

========================================================================
Received Prepare
Registering precompiled user dll's ...
Registered in 0.000741 seconds.
Begin MonoManager ReloadAssembly
Native extension for WindowsStandalone target not found
Refreshing native plugins compatible for Editor in 0.58 ms, found 0 plugins.
Preloading 0 native plugins for Editor in 0.00 ms.
Invoked RoslynAnalysisRunner static constructor.
RoslynAnalysisRunner will not be running.
RoslynAnalysisRunner has terminated.
Mono: successfully reloaded assembly
- Completed reload, in  0.536 seconds
Platform modules already initialized, skipping
Refreshing native plugins compatible for Editor in 0.38 ms, found 0 plugins.
Preloading 0 native plugins for Editor in 0.00 ms.
Unloading 1215 Unused Serialized files (Serialized files now loaded: 0)
System memory in use before: 85.7 MB.
System memory in use after: 85.4 MB.

Unloading 7 unused Assets to reduce memory usage. Loaded Objects now: 1730.
Total: 1.753000 ms (FindLiveObjects: 0.127900 ms CreateObjectMapping: 0.035200 ms MarkObjects: 1.281700 ms  DeleteObjects: 0.307600 ms)

========================================================================
Received Prepare
Registering precompiled user dll's ...
Registered in 0.000540 seconds.
Begin MonoManager ReloadAssembly
Native extension for WindowsStandalone target not found
Refreshing native plugins compatible for Editor in 0.37 ms, found 0 plugins.
Preloading 0 native plugins for Editor in 0.00 ms.
Invoked RoslynAnalysisRunner static constructor.
RoslynAnalysisRunner will not be running.
RoslynAnalysisRunner has terminated.
Mono: successfully reloaded assembly
- Completed reload, in  0.511 seconds
Platform modules already initialized, skipping
Refreshing native plugins compatible for Editor in 0.38 ms, found 0 plugins.
Preloading 0 native plugins for Editor in 0.00 ms.
Unloading 1215 Unused Serialized files (Serialized files now loaded: 0)
System memory in use before: 85.7 MB.
System memory in use after: 85.5 MB.

Unloading 7 unused Assets to reduce memory usage. Loaded Objects now: 1732.
Total: 1.606200 ms (FindLiveObjects: 0.122000 ms CreateObjectMapping: 0.027800 ms MarkObjects: 1.161000 ms  DeleteObjects: 0.294600 ms)

========================================================================
Received Prepare
Registering precompiled user dll's ...
Registered in 0.000628 seconds.
Begin MonoManager ReloadAssembly
Native extension for WindowsStandalone target not found
Refreshing native plugins compatible for Editor in 0.40 ms, found 0 plugins.
Preloading 0 native plugins for Editor in 0.00 ms.
Invoked RoslynAnalysisRunner static constructor.
RoslynAnalysisRunner will not be running.
RoslynAnalysisRunner has terminated.
Mono: successfully reloaded assembly
- Completed reload, in  0.564 seconds
Platform modules already initialized, skipping
Refreshing native plugins compatible for Editor in 0.40 ms, found 0 plugins.
Preloading 0 native plugins for Editor in 0.00 ms.
Unloading 1215 Unused Serialized files (Serialized files now loaded: 0)
System memory in use before: 85.7 MB.
System memory in use after: 85.5 MB.

Unloading 7 unused Assets to reduce memory usage. Loaded Objects now: 1734.
Total: 1.988800 ms (FindLiveObjects: 0.174700 ms CreateObjectMapping: 0.042100 ms MarkObjects: 1.418600 ms  DeleteObjects: 0.351800 ms)

========================================================================
Received Prepare
Registering precompiled user dll's ...
Registered in 0.000807 seconds.
Begin MonoManager ReloadAssembly
Native extension for WindowsStandalone target not found
Refreshing native plugins compatible for Editor in 0.41 ms, found 0 plugins.
Preloading 0 native plugins for Editor in 0.00 ms.
Invoked RoslynAnalysisRunner static constructor.
RoslynAnalysisRunner will not be running.
RoslynAnalysisRunner has terminated.
Mono: successfully reloaded assembly
- Completed reload, in  0.592 seconds
Platform modules already initialized, skipping
Refreshing native plugins compatible for Editor in 0.42 ms, found 0 plugins.
Preloading 0 native plugins for Editor in 0.00 ms.
Unloading 1215 Unused Serialized files (Serialized files now loaded: 0)
System memory in use before: 85.7 MB.
System memory in use after: 85.5 MB.

Unloading 7 unused Assets to reduce memory usage. Loaded Objects now: 1736.
Total: 2.267900 ms (FindLiveObjects: 0.188000 ms CreateObjectMapping: 0.041900 ms MarkObjects: 1.679900 ms  DeleteObjects: 0.356800 ms)

========================================================================
Received Prepare
Registering precompiled user dll's ...
Registered in 0.000442 seconds.
Begin MonoManager ReloadAssembly
Native extension for WindowsStandalone target not found
Refreshing native plugins compatible for Editor in 0.38 ms, found 0 plugins.
Preloading 0 native plugins for Editor in 0.00 ms.
Invoked RoslynAnalysisRunner static constructor.
RoslynAnalysisRunner will not be running.
RoslynAnalysisRunner has terminated.
Mono: successfully reloaded assembly
- Completed reload, in  0.525 seconds
Platform modules already initialized, skipping
Refreshing native plugins compatible for Editor in 0.38 ms, found 0 plugins.
Preloading 0 native plugins for Editor in 0.00 ms.
Unloading 1215 Unused Serialized files (Serialized files now loaded: 0)
System memory in use before: 85.7 MB.
System memory in use after: 85.5 MB.

Unloading 7 unused Assets to reduce memory usage. Loaded Objects now: 1738.
Total: 1.891500 ms (FindLiveObjects: 0.250700 ms CreateObjectMapping: 0.034400 ms MarkObjects: 1.273300 ms  DeleteObjects: 0.332400 ms)

========================================================================
Received Prepare
Registering precompiled user dll's ...
Registered in 0.000741 seconds.
Begin MonoManager ReloadAssembly
Native extension for WindowsStandalone target not found
Refreshing native plugins compatible for Editor in 0.41 ms, found 0 plugins.
Preloading 0 native plugins for Editor in 0.00 ms.
Invoked RoslynAnalysisRunner static constructor.
RoslynAnalysisRunner will not be running.
RoslynAnalysisRunner has terminated.
Mono: successfully reloaded assembly
- Completed reload, in  0.579 seconds
Platform modules already initialized, skipping
Refreshing native plugins compatible for Editor in 0.45 ms, found 0 plugins.
Preloading 0 native plugins for Editor in 0.00 ms.
Unloading 1215 Unused Serialized files (Serialized files now loaded: 0)
System memory in use before: 85.7 MB.
System memory in use after: 85.5 MB.

Unloading 7 unused Assets to reduce memory usage. Loaded Objects now: 1740.
Total: 1.991500 ms (FindLiveObjects: 0.193800 ms CreateObjectMapping: 0.048300 ms MarkObjects: 1.366700 ms  DeleteObjects: 0.380100 ms)

AssetImportWorkerClient::OnTransportError - code=2 error=End of file
